-------------------------------------------------------------------------------
Test set: org.superbiz.calculator.CalculatorTest
-------------------------------------------------------------------------------
Tests run: 2, Failures: 0, Errors: 2, Skipped: 0, Time elapsed: 0.308 sec <<< FAILURE!
testCalculatorViaRemoteInterface(org.superbiz.calculator.CalculatorTest)  Time elapsed: 0.244 sec  <<< ERROR!
javax.naming.NamingException: Attempted to load OpenEJB. OpenEJB has encountered a fatal error and cannot be started: The Assembler encountered an unexpected error while attempting to build the container system.: org/apache/openejb/sxc/EjbJarXml [Root exception is org.apache.openejb.OpenEJBException: OpenEJB has encountered a fatal error and cannot be started: The Assembler encountered an unexpected error while attempting to build the container system.: org/apache/openejb/sxc/EjbJarXml]
	at org.apache.openejb.core.LocalInitialContextFactory.init(LocalInitialContextFactory.java:65)
	at org.apache.openejb.core.LocalInitialContextFactory.getInitialContext(LocalInitialContextFactory.java:47)
	at javax.naming.spi.NamingManager.getInitialContext(NamingManager.java:684)
	at javax.naming.InitialContext.getDefaultInitCtx(InitialContext.java:313)
	at javax.naming.InitialContext.init(InitialContext.java:244)
	at javax.naming.InitialContext.<init>(InitialContext.java:216)
	at org.superbiz.calculator.CalculatorTest.setUp(CalculatorTest.java:34)
	at junit.framework.TestCase.runBare(TestCase.java:139)
	at junit.framework.TestResult$1.protect(TestResult.java:122)
	at junit.framework.TestResult.runProtected(TestResult.java:142)
	at junit.framework.TestResult.run(TestResult.java:125)
	at junit.framework.TestCase.run(TestCase.java:129)
	at junit.framework.TestSuite.runTest(TestSuite.java:252)
	at junit.framework.TestSuite.run(TestSuite.java:247)
	at org.junit.internal.runners.JUnit38ClassRunner.run(JUnit38ClassRunner.java:86)
	at org.apache.maven.surefire.junit4.JUnit4Provider.execute(JUnit4Provider.java:252)
	at org.apache.maven.surefire.junit4.JUnit4Provider.executeTestSet(JUnit4Provider.java:141)
	at org.apache.maven.surefire.junit4.JUnit4Provider.invoke(JUnit4Provider.java:112)
	at sun.reflect.NativeMethodAccessorImpl.invoke0(Native Method)
	at sun.reflect.NativeMethodAccessorImpl.invoke(NativeMethodAccessorImpl.java:62)
	at sun.reflect.DelegatingMethodAccessorImpl.invoke(DelegatingMethodAccessorImpl.java:43)
	at java.lang.reflect.Method.invoke(Method.java:498)
	at org.apache.maven.surefire.util.ReflectionUtils.invokeMethodWithArray(ReflectionUtils.java:189)
	at org.apache.maven.surefire.booter.ProviderFactory$ProviderProxy.invoke(ProviderFactory.java:165)
	at org.apache.maven.surefire.booter.ProviderFactory.invokeProvider(ProviderFactory.java:85)
	at org.apache.maven.surefire.booter.ForkedBooter.runSuitesInProcess(ForkedBooter.java:115)
	at org.apache.maven.surefire.booter.ForkedBooter.main(ForkedBooter.java:75)
Caused by: org.apache.openejb.OpenEJBException: OpenEJB has encountered a fatal error and cannot be started: The Assembler encountered an unexpected error while attempting to build the container system.: org/apache/openejb/sxc/EjbJarXml
	at org.apache.openejb.OpenEJB$Instance.<init>(OpenEJB.java:157)
	at org.apache.openejb.OpenEJB$Instance.<init>(OpenEJB.java:66)
	at org.apache.openejb.OpenEJB.init(OpenEJB.java:307)
	at org.apache.openejb.OpenEJB.init(OpenEJB.java:278)
	at sun.reflect.NativeMethodAccessorImpl.invoke0(Native Method)
	at sun.reflect.NativeMethodAccessorImpl.invoke(NativeMethodAccessorImpl.java:62)
	at sun.reflect.DelegatingMethodAccessorImpl.invoke(DelegatingMethodAccessorImpl.java:43)
	at java.lang.reflect.Method.invoke(Method.java:498)
	at org.apache.openejb.loader.OpenEJBInstance.init(OpenEJBInstance.java:36)
	at org.apache.openejb.core.LocalInitialContextFactory.init(LocalInitialContextFactory.java:99)
	at org.apache.openejb.core.LocalInitialContextFactory.init(LocalInitialContextFactory.java:63)
	... 26 more
Caused by: java.lang.NoClassDefFoundError: org/apache/openejb/sxc/EjbJarXml
	at org.apache.openejb.config.ReadDescriptors.readEjbJar(ReadDescriptors.java:663)
	at org.apache.openejb.config.DeploymentLoader.createEjbModule(DeploymentLoader.java:795)
	at org.apache.openejb.config.DeploymentLoader.load(DeploymentLoader.java:180)
	at org.apache.openejb.config.ConfigurationFactory.loadApplication(ConfigurationFactory.java:928)
	at org.apache.openejb.config.ConfigurationFactory.configureApplication(ConfigurationFactory.java:895)
	at org.apache.openejb.config.ConfigurationFactory.getOpenEjbConfiguration(ConfigurationFactory.java:589)
	at org.apache.openejb.config.ConfigurationFactory.getOpenEjbConfiguration(ConfigurationFactory.java:634)
	at org.apache.openejb.assembler.classic.Assembler.getOpenEjbConfiguration(Assembler.java:504)
	at org.apache.openejb.assembler.classic.Assembler.build(Assembler.java:483)
	at org.apache.openejb.OpenEJB$Instance.<init>(OpenEJB.java:150)
	... 36 more
Caused by: java.lang.ClassNotFoundException: org.apache.openejb.sxc.EjbJarXml
	at java.net.URLClassLoader.findClass(URLClassLoader.java:381)
	at java.lang.ClassLoader.loadClass(ClassLoader.java:424)
	at sun.misc.Launcher$AppClassLoader.loadClass(Launcher.java:331)
	at java.lang.ClassLoader.loadClass(ClassLoader.java:357)
	... 46 more

testCalculatorViaLocalInterface(org.superbiz.calculator.CalculatorTest)  Time elapsed: 0.039 sec  <<< ERROR!
javax.naming.NameNotFoundException: Name "CalculatorImplLocal" not found.
	at org.apache.openejb.core.ivm.naming.IvmContext.federate(IvmContext.java:200)
	at org.apache.openejb.core.ivm.naming.IvmContext.lookup(IvmContext.java:152)
	at org.apache.openejb.core.ivm.naming.ContextWrapper.lookup(ContextWrapper.java:137)
	at javax.naming.InitialContext.lookup(InitialContext.java:417)
	at org.superbiz.calculator.CalculatorTest.testCalculatorViaLocalInterface(CalculatorTest.java:62)
	at sun.reflect.NativeMethodAccessorImpl.invoke0(Native Method)
	at sun.reflect.NativeMethodAccessorImpl.invoke(NativeMethodAccessorImpl.java:62)
	at sun.reflect.DelegatingMethodAccessorImpl.invoke(DelegatingMethodAccessorImpl.java:43)
	at java.lang.reflect.Method.invoke(Method.java:498)
	at junit.framework.TestCase.runTest(TestCase.java:176)
	at junit.framework.TestCase.runBare(TestCase.java:141)
	at junit.framework.TestResult$1.protect(TestResult.java:122)
	at junit.framework.TestResult.runProtected(TestResult.java:142)
	at junit.framework.TestResult.run(TestResult.java:125)
	at junit.framework.TestCase.run(TestCase.java:129)
	at junit.framework.TestSuite.runTest(TestSuite.java:252)
	at junit.framework.TestSuite.run(TestSuite.java:247)
	at org.junit.internal.runners.JUnit38ClassRunner.run(JUnit38ClassRunner.java:86)
	at org.apache.maven.surefire.junit4.JUnit4Provider.execute(JUnit4Provider.java:252)
	at org.apache.maven.surefire.junit4.JUnit4Provider.executeTestSet(JUnit4Provider.java:141)
	at org.apache.maven.surefire.junit4.JUnit4Provider.invoke(JUnit4Provider.java:112)
	at sun.reflect.NativeMethodAccessorImpl.invoke0(Native Method)
	at sun.reflect.NativeMethodAccessorImpl.invoke(NativeMethodAccessorImpl.java:62)
	at sun.reflect.DelegatingMethodAccessorImpl.invoke(DelegatingMethodAccessorImpl.java:43)
	at java.lang.reflect.Method.invoke(Method.java:498)
	at org.apache.maven.surefire.util.ReflectionUtils.invokeMethodWithArray(ReflectionUtils.java:189)
	at org.apache.maven.surefire.booter.ProviderFactory$ProviderProxy.invoke(ProviderFactory.java:165)
	at org.apache.maven.surefire.booter.ProviderFactory.invokeProvider(ProviderFactory.java:85)
	at org.apache.maven.surefire.booter.ForkedBooter.runSuitesInProcess(ForkedBooter.java:115)
	at org.apache.maven.surefire.booter.ForkedBooter.main(ForkedBooter.java:75)

